<?xml version="1.0" encoding="UTF-8"?>
<testsuite name="testRichards1DSolver.TestCallRichardsSolver" tests="1" skipped="0" failures="0" errors="0" timestamp="2019-06-12T13:36:06" hostname="LAPTOP-9547IRLO" time="1.053">
  <properties/>
  <testcase name="Test" classname="testRichards1DSolver.TestCallRichardsSolver" time="1.053"/>
  <system-out><![CDATA[*** SUCCESS reading example file C:\Users\Niccolo\eclipse-workspace\1DRichards\resources\Input\Sand_Silt_Clay_K.nc
RICHARDS 1D 2017-01-01 00:00
RICHARDS 1D 2017-01-01 00:05
RICHARDS 1D 2017-01-01 00:10
RICHARDS 1D 2017-01-01 00:15
RICHARDS 1D 2017-01-01 00:20
RICHARDS 1D 2017-01-01 00:25
RICHARDS 1D 2017-01-01 00:30
RICHARDS 1D 2017-01-01 00:35
RICHARDS 1D 2017-01-01 00:40
RICHARDS 1D 2017-01-01 00:45
RICHARDS 1D 2017-01-01 00:50
RICHARDS 1D 2017-01-01 00:55
RICHARDS 1D 2017-01-01 01:00
RICHARDS 1D 2017-01-01 01:05
RICHARDS 1D 2017-01-01 01:10
RICHARDS 1D 2017-01-01 01:15
RICHARDS 1D 2017-01-01 01:20
RICHARDS 1D 2017-01-01 01:25
RICHARDS 1D 2017-01-01 01:30
RICHARDS 1D 2017-01-01 01:35
RICHARDS 1D 2017-01-01 01:40
RICHARDS 1D 2017-01-01 01:45
RICHARDS 1D 2017-01-01 01:50
RICHARDS 1D 2017-01-01 01:55
RICHARDS 1D 2017-01-01 02:00
RICHARDS 1D 2017-01-01 02:05
RICHARDS 1D 2017-01-01 02:10
RICHARDS 1D 2017-01-01 02:15
RICHARDS 1D 2017-01-01 02:20
RICHARDS 1D 2017-01-01 02:25
RICHARDS 1D 2017-01-01 02:30
RICHARDS 1D 2017-01-01 02:35
RICHARDS 1D 2017-01-01 02:40
RICHARDS 1D 2017-01-01 02:45
RICHARDS 1D 2017-01-01 02:50
RICHARDS 1D 2017-01-01 02:55
RICHARDS 1D 2017-01-01 03:00
RICHARDS 1D 2017-01-01 03:05
RICHARDS 1D 2017-01-01 03:10
RICHARDS 1D 2017-01-01 03:15
RICHARDS 1D 2017-01-01 03:20
RICHARDS 1D 2017-01-01 03:25
RICHARDS 1D 2017-01-01 03:30
RICHARDS 1D 2017-01-01 03:35
RICHARDS 1D 2017-01-01 03:40
RICHARDS 1D 2017-01-01 03:45
RICHARDS 1D 2017-01-01 03:50
RICHARDS 1D 2017-01-01 03:55
RICHARDS 1D 2017-01-01 04:00
RICHARDS 1D 2017-01-01 04:05
RICHARDS 1D 2017-01-01 04:10
RICHARDS 1D 2017-01-01 04:15
RICHARDS 1D 2017-01-01 04:20
RICHARDS 1D 2017-01-01 04:25
RICHARDS 1D 2017-01-01 04:30
RICHARDS 1D 2017-01-01 04:35
RICHARDS 1D 2017-01-01 04:40
RICHARDS 1D 2017-01-01 04:45
RICHARDS 1D 2017-01-01 04:50
RICHARDS 1D 2017-01-01 04:55
RICHARDS 1D 2017-01-01 05:00
RICHARDS 1D 2017-01-01 05:05
RICHARDS 1D 2017-01-01 05:10
RICHARDS 1D 2017-01-01 05:15
RICHARDS 1D 2017-01-01 05:20
RICHARDS 1D 2017-01-01 05:25
RICHARDS 1D 2017-01-01 05:30
RICHARDS 1D 2017-01-01 05:35
RICHARDS 1D 2017-01-01 05:40
RICHARDS 1D 2017-01-01 05:45
RICHARDS 1D 2017-01-01 05:50
RICHARDS 1D 2017-01-01 05:55
RICHARDS 1D 2017-01-01 06:00
RICHARDS 1D 2017-01-01 06:05
RICHARDS 1D 2017-01-01 06:10
RICHARDS 1D 2017-01-01 06:15
RICHARDS 1D 2017-01-01 06:20
RICHARDS 1D 2017-01-01 06:25
RICHARDS 1D 2017-01-01 06:30
RICHARDS 1D 2017-01-01 06:35
RICHARDS 1D 2017-01-01 06:40
RICHARDS 1D 2017-01-01 06:45
RICHARDS 1D 2017-01-01 06:50
RICHARDS 1D 2017-01-01 06:55
RICHARDS 1D 2017-01-01 07:00
*** SUCCESS writing Richards' 1D output file, C:\Users\Niccolo\eclipse-workspace\1DRichards\resources\output\temp.nc
]]></system-out>
  <system-err><![CDATA[]]></system-err>
</testsuite>
